10:48:02.007 156  [main] WARN  o.h.ejb.HibernatePersistence - HHH015016: Encountered a deprecated javax.persistence.spi.PersistenceProvider [org.hibernate.ejb.HibernatePersistence]; use [org.hibernate.jpa.HibernatePersistenceProvider] instead.
10:48:02.022 171  [main] WARN  o.h.ejb.HibernatePersistence - HHH015016: Encountered a deprecated javax.persistence.spi.PersistenceProvider [org.hibernate.ejb.HibernatePersistence]; use [org.hibernate.jpa.HibernatePersistenceProvider] instead.
10:48:02.022 171  [main] WARN  o.h.ejb.HibernatePersistence - HHH015016: Encountered a deprecated javax.persistence.spi.PersistenceProvider [org.hibernate.ejb.HibernatePersistence]; use [org.hibernate.jpa.HibernatePersistenceProvider] instead.
10:48:02.069 218  [main] INFO  o.h.jpa.internal.util.LogHelper - HHH000204: Processing PersistenceUnitInfo [
	name: my-pu
	...]
10:48:02.131 280  [main] INFO  org.hibernate.Version - HHH000412: Hibernate Core {4.3.5.Final}
10:48:02.131 280  [main] INFO  org.hibernate.cfg.Environment - HHH000206: hibernate.properties not found
10:48:02.131 280  [main] INFO  org.hibernate.cfg.Environment - HHH000021: Bytecode provider name : javassist
10:48:02.272 421  [main] INFO  o.h.annotations.common.Version - HCANN000001: Hibernate Commons Annotations {4.0.4.Final}
10:48:02.287 436  [main] WARN  o.h.e.j.c.i.DriverManagerConnectionProviderImpl - HHH000402: Using Hibernate built-in connection pool (not for production use!)
10:48:02.287 436  [main] INFO  o.h.e.j.c.i.DriverManagerConnectionProviderImpl - HHH000401: using driver [com.mysql.jdbc.Driver] at URL [jdbc:mysql://localhost:3306/proxibanquesislmalc?createDatabaseIfNotExist=true]
10:48:02.287 436  [main] INFO  o.h.e.j.c.i.DriverManagerConnectionProviderImpl - HHH000046: Connection properties: {user=root}
10:48:02.287 436  [main] INFO  o.h.e.j.c.i.DriverManagerConnectionProviderImpl - HHH000006: Autocommit mode: false
10:48:02.287 436  [main] INFO  o.h.e.j.c.i.DriverManagerConnectionProviderImpl - HHH000115: Hibernate connection pool size: 20 (min=1)
10:48:02.553 702  [main] INFO  org.hibernate.dialect.Dialect - HHH000400: Using dialect: org.hibernate.dialect.MySQLDialect
10:48:02.646 795  [main] INFO  o.h.h.i.a.ASTQueryTranslatorFactory - HHH000397: Using ASTQueryTranslatorFactory
10:48:02.897 1046 [main] INFO  o.h.tool.hbm2ddl.SchemaUpdate - HHH000228: Running hbm2ddl schema update
10:48:02.897 1046 [main] INFO  o.h.tool.hbm2ddl.SchemaUpdate - HHH000102: Fetching database metadata
10:48:02.897 1046 [main] INFO  o.h.tool.hbm2ddl.SchemaUpdate - HHH000396: Updating schema
10:48:02.897 1046 [main] INFO  java.sql.DatabaseMetaData - HHH000262: Table not found: Client
10:48:02.897 1046 [main] INFO  java.sql.DatabaseMetaData - HHH000262: Table not found: Compte
10:48:02.897 1046 [main] INFO  java.sql.DatabaseMetaData - HHH000262: Table not found: CompteCourant
10:48:02.897 1046 [main] INFO  java.sql.DatabaseMetaData - HHH000262: Table not found: Client
10:48:02.897 1046 [main] INFO  java.sql.DatabaseMetaData - HHH000262: Table not found: Compte
10:48:02.897 1046 [main] INFO  java.sql.DatabaseMetaData - HHH000262: Table not found: CompteCourant
10:48:02.897 1046 [main] INFO  java.sql.DatabaseMetaData - HHH000262: Table not found: Client
10:48:02.897 1046 [main] INFO  java.sql.DatabaseMetaData - HHH000262: Table not found: Compte
10:48:02.897 1046 [main] INFO  java.sql.DatabaseMetaData - HHH000262: Table not found: CompteCourant
10:48:04.332 2481 [main] INFO  o.h.tool.hbm2ddl.SchemaUpdate - HHH000232: Schema update complete
